Mar-19 12:10:44.404 [main] DEBUG nextflow.cli.Launcher - $> nextflow run hello
Mar-19 12:10:44.635 [main] INFO  nextflow.cli.CmdRun - N E X T F L O W  ~  version 23.10.1
Mar-19 12:10:44.702 [main] DEBUG nextflow.plugin.PluginsFacade - Setting up plugin manager > mode=prod; embedded=false; plugins-dir=/home/bic/cerys/.nextflow/plugins; core-plugins: nf-amazon@2.1.4,nf-azure@1.3.3,nf-cloudcache@0.3.0,nf-codecommit@0.1.5,nf-console@1.0.6,nf-ga4gh@1.1.0,nf-google@1.8.3,nf-tower@1.6.3,nf-wave@1.0.1
Mar-19 12:10:44.823 [main] INFO  o.pf4j.DefaultPluginStatusProvider - Enabled plugins: []
Mar-19 12:10:44.860 [main] INFO  o.pf4j.DefaultPluginStatusProvider - Disabled plugins: []
Mar-19 12:10:44.891 [main] INFO  org.pf4j.DefaultPluginManager - PF4J version 3.4.1 in 'deployment' mode
Mar-19 12:10:44.944 [main] INFO  org.pf4j.AbstractPluginManager - No plugins
Mar-19 12:10:45.015 [main] DEBUG nextflow.scm.ProviderConfig - Using SCM config path: /home/bic/cerys/.nextflow/scm
Mar-19 12:10:45.060 [main] DEBUG nextflow.scm.AssetManager - Listing projects in folder: /home/bic/cerys/.nextflow/assets
Mar-19 12:10:45.118 [main] DEBUG nextflow.scm.RepositoryFactory - Found Git repository result: [RepositoryFactory]
Mar-19 12:10:45.154 [main] INFO  nextflow.cli.CmdRun - Pulling nextflow-io/hello ...
Mar-19 12:10:45.207 [main] DEBUG nextflow.scm.RepositoryProvider - Request [credentials -:-] -> https://api.github.com/repos/nextflow-io/hello/contents/nextflow.config
Mar-19 12:10:46.700 [main] DEBUG nextflow.scm.RepositoryProvider - Request [credentials -:-] -> https://api.github.com/repos/nextflow-io/hello/contents/main.nf
Mar-19 12:10:47.093 [main] DEBUG nextflow.scm.RepositoryProvider - Request [credentials -:-] -> https://api.github.com/repos/nextflow-io/hello
Mar-19 12:10:47.287 [main] DEBUG nextflow.scm.AssetManager - Pulling nextflow-io/hello -- Using remote clone url: https://github.com/nextflow-io/hello.git
Mar-19 12:10:52.231 [main] INFO  nextflow.cli.CmdRun -  downloaded from https://github.com/nextflow-io/hello.git
Mar-19 12:10:52.376 [main] DEBUG nextflow.config.ConfigBuilder - Found config base: /home/bic/cerys/.nextflow/assets/nextflow-io/hello/nextflow.config
Mar-19 12:10:52.404 [main] DEBUG nextflow.config.ConfigBuilder - Parsing config file: /home/bic/cerys/.nextflow/assets/nextflow-io/hello/nextflow.config
Mar-19 12:10:52.428 [main] DEBUG nextflow.config.ConfigBuilder - Applying config profile: `standard`
Mar-19 12:10:52.546 [main] DEBUG nextflow.cli.CmdRun - Applied DSL=2 by global default
Mar-19 12:10:52.582 [main] INFO  nextflow.cli.CmdRun - Launching `https://github.com/nextflow-io/hello` [golden_marconi] DSL2 - revision: 7588c46ffe [master]
Mar-19 12:10:52.608 [main] DEBUG nextflow.plugin.PluginsFacade - Plugins default=[]
Mar-19 12:10:52.633 [main] DEBUG nextflow.plugin.PluginsFacade - Plugins resolved requirement=[]
Mar-19 12:10:52.666 [main] DEBUG n.secret.LocalSecretsProvider - Secrets store: /home/bic/cerys/.nextflow/secrets/store.json
Mar-19 12:10:52.703 [main] DEBUG nextflow.secret.SecretsLoader - Discovered secrets providers: [nextflow.secret.LocalSecretsProvider@3ab35b9c] - activable => nextflow.secret.LocalSecretsProvider@3ab35b9c
Mar-19 12:10:52.838 [main] DEBUG nextflow.Session - Session UUID: 28182377-27c1-42b1-9698-a367eecf9e4a
Mar-19 12:10:52.860 [main] DEBUG nextflow.Session - Run name: golden_marconi
Mar-19 12:10:52.886 [main] DEBUG nextflow.Session - Executor pool size: 32
Mar-19 12:10:52.943 [main] DEBUG nextflow.file.FilePorter - File porter settings maxRetries=3; maxTransfers=50; pollTimeout=null
Mar-19 12:10:52.990 [main] DEBUG nextflow.util.ThreadPoolBuilder - Creating thread pool 'FileTransfer' minSize=10; maxSize=96; workQueue=LinkedBlockingQueue[10000]; allowCoreThreadTimeout=false
Mar-19 12:10:53.068 [main] DEBUG nextflow.cli.CmdRun - 
  Version: 23.10.1 build 5891
  Created: 12-01-2024 22:01 UTC (17:01 EDT)
  System: Linux 5.10.162-i686-64-smp
  Runtime: Groovy 3.0.19 on OpenJDK 64-Bit Server VM 11.0.19+7-post-Ubuntu-0ubuntu118.04.1
  Encoding: UTF-8 (UTF-8)
  Process: 3191@emilia.bic-wks.mni.mcgill.ca [10.68.1.170]
  CPUs: 32 - Mem: 62.8 GB (41.2 GB) - Swap: 125.6 GB (125.4 GB)
Mar-19 12:10:53.265 [main] DEBUG nextflow.Session - Work-dir: /host/yeatman/local_raid/cerys/github/fastpipe/docs/work [nfs]
Mar-19 12:10:53.291 [main] DEBUG nextflow.Session - Script base path does not exist or is not a directory: /home/bic/cerys/.nextflow/assets/nextflow-io/hello/bin
Mar-19 12:10:53.333 [main] DEBUG nextflow.executor.ExecutorFactory - Extension executors providers=[]
Mar-19 12:10:53.369 [main] DEBUG nextflow.Session - Observer factory: DefaultObserverFactory
Mar-19 12:10:53.501 [main] DEBUG nextflow.cache.CacheFactory - Using Nextflow cache factory: nextflow.cache.DefaultCacheFactory
Mar-19 12:10:53.543 [main] DEBUG nextflow.util.CustomThreadPool - Creating default thread pool > poolSize: 33; maxThreads: 1000
Mar-19 12:10:54.160 [main] DEBUG nextflow.Session - Session start
Mar-19 12:10:54.518 [main] DEBUG nextflow.script.ScriptRunner - > Launching execution
Mar-19 12:10:54.677 [main] DEBUG nextflow.executor.ExecutorFactory - << taskConfig executor: null
Mar-19 12:10:54.709 [main] DEBUG nextflow.executor.ExecutorFactory - >> processorType: 'local'
Mar-19 12:10:54.748 [main] DEBUG nextflow.executor.Executor - [warm up] executor > local
Mar-19 12:10:54.791 [main] DEBUG n.processor.LocalPollingMonitor - Creating local task monitor for executor 'local' > cpus=32; memory=62.8 GB; capacity=32; pollInterval=100ms; dumpInterval=5m
Mar-19 12:10:54.820 [main] DEBUG n.processor.TaskPollingMonitor - >>> barrier register (monitor: local)
Mar-19 12:10:54.980 [main] DEBUG nextflow.Session - Workflow process names [dsl2]: sayHello
Mar-19 12:10:55.013 [main] DEBUG nextflow.Session - Igniting dataflow network (2)
Mar-19 12:10:55.024 [main] DEBUG nextflow.processor.TaskProcessor - Starting process > sayHello
Mar-19 12:10:55.036 [main] DEBUG nextflow.script.ScriptRunner - Parsed script files:
  Script_45e06ae60646ee81: /home/bic/cerys/.nextflow/assets/nextflow-io/hello/main.nf
Mar-19 12:10:55.054 [main] DEBUG nextflow.script.ScriptRunner - > Awaiting termination 
Mar-19 12:10:55.080 [main] DEBUG nextflow.Session - Session await
Mar-19 12:10:55.417 [Task submitter] DEBUG n.executor.local.LocalTaskHandler - Launch cmd line: /bin/bash -ue .command.run
Mar-19 12:10:55.437 [Task submitter] INFO  nextflow.Session - [73/d0dcd4] Submitted process > sayHello (2)
Mar-19 12:10:55.697 [Task submitter] DEBUG n.executor.local.LocalTaskHandler - Launch cmd line: /bin/bash -ue .command.run
Mar-19 12:10:55.733 [Task submitter] INFO  nextflow.Session - [76/7bd1a5] Submitted process > sayHello (3)
Mar-19 12:10:55.863 [Task monitor] DEBUG n.processor.TaskPollingMonitor - Task completed > TaskHandler[id: 2; name: sayHello (2); status: COMPLETED; exit: 0; error: -; workDir: /host/yeatman/local_raid/cerys/github/fastpipe/docs/work/73/d0dcd4c816ae69989c8bfa9531042d]
Mar-19 12:10:55.956 [Task submitter] DEBUG n.executor.local.LocalTaskHandler - Launch cmd line: /bin/bash -ue .command.run
Mar-19 12:10:55.977 [Task submitter] INFO  nextflow.Session - [f4/615dcd] Submitted process > sayHello (4)
Mar-19 12:10:56.132 [Task monitor] DEBUG n.processor.TaskPollingMonitor - Task completed > TaskHandler[id: 3; name: sayHello (3); status: COMPLETED; exit: 0; error: -; workDir: /host/yeatman/local_raid/cerys/github/fastpipe/docs/work/76/7bd1a5448381fbfc513fb0b2996925]
Mar-19 12:10:56.165 [Task submitter] DEBUG n.executor.local.LocalTaskHandler - Launch cmd line: /bin/bash -ue .command.run
Mar-19 12:10:56.232 [Task submitter] INFO  nextflow.Session - [56/3521be] Submitted process > sayHello (1)
Mar-19 12:10:56.361 [Task monitor] DEBUG n.processor.TaskPollingMonitor - Task completed > TaskHandler[id: 4; name: sayHello (4); status: COMPLETED; exit: 0; error: -; workDir: /host/yeatman/local_raid/cerys/github/fastpipe/docs/work/f4/615dcd73bfb43e5dca3fc31ea9dc8c]
Mar-19 12:10:56.513 [Task monitor] DEBUG n.processor.TaskPollingMonitor - Task completed > TaskHandler[id: 1; name: sayHello (1); status: COMPLETED; exit: 0; error: -; workDir: /host/yeatman/local_raid/cerys/github/fastpipe/docs/work/56/3521be1f87d07e3716daa84f184b21]
Mar-19 12:10:56.544 [main] DEBUG nextflow.Session - Session await > all processes finished
Mar-19 12:10:56.615 [Task monitor] DEBUG n.processor.TaskPollingMonitor - <<< barrier arrives (monitor: local) - terminating tasks monitor poll loop
Mar-19 12:10:56.633 [main] DEBUG nextflow.Session - Session await > all barriers passed
Mar-19 12:10:56.651 [main] DEBUG n.trace.WorkflowStatsObserver - Workflow completed > WorkflowStats[succeededCount=4; failedCount=0; ignoredCount=0; cachedCount=0; pendingCount=0; submittedCount=0; runningCount=0; retriesCount=0; abortedCount=0; succeedDuration=861ms; failedDuration=0ms; cachedDuration=0ms;loadCpus=0; loadMemory=0; peakRunning=2; peakCpus=2; peakMemory=0; ]
Mar-19 12:10:56.822 [main] DEBUG nextflow.cache.CacheDB - Closing CacheDB done
Mar-19 12:10:56.938 [main] DEBUG nextflow.util.ThreadPoolManager - Thread pool 'FileTransfer' shutdown completed (hard=false)
Mar-19 12:10:56.961 [main] DEBUG nextflow.script.ScriptRunner - > Execution complete -- Goodbye
